东东农场：
【京东账号1（烟花丶稍纵即逝）】1980dedc728a48fa96056d7a47e49a80
【京东账号2（jd_44061ab066801）】a847ae25545b4904bb6fd3de502f13ce
【京东账号3（jd_7e39efd13b0e0）】a81a61dffe384cf2ae0bdc0252ea5a5d
东东萌宠：
【京东账号1（烟花丶稍纵即逝）】MTAxODc2NTEzMzAwMDAwMDAyOTMxNzE1Mw==

种豆得豆：
【京东账号1（烟花丶稍纵即逝）】mzbkqe46rpcjwvmhoke6psdsjam2umocjijax33dsabywtfd3seq
【京东账号2（jd_44061ab066801）】e7lhibzb3zek2ywqvhpf5362z72szy5dsig2ely
【京东账号3（jd_7e39efd13b0e0）】4npkonnsy7xi2pbzcny2lt7g6ts2euch47rgrca

京喜工厂：
【京东账号1（烟花丶稍纵即逝）】ZVv-Lx8AsCb_tu0X34kFZUmRRcyybEzyhJKIV9Ef1LA=


东东工厂：
【京东账号1（烟花丶稍纵即逝）】T028aU7cmKSYIdxR94JJQ32PoSP5vCp8CjVWnYaS5kRrbA
【京东账号2（jd_44061ab066801）】T0225KkcRBoZ81WGchrykv8KdQCjVWnYaS5kRrbA
【京东账号3（jd_7e39efd13b0e0）】T0225KkcR0sa_AGBdBv3xvdfdACjVWnYaS5kRrbA

疯狂的JOY：
【京东账号1（烟花丶稍纵即逝）】uBy6PTbtzY3g7nwltavBdRCvaGO4PCvr
【京东账号2（jd_44061ab066801）】9APVmR-SJ0ssGdaHkP21bat9zd5YaBeE
【京东账号3（jd_7e39efd13b0e0）】6FINK8Ckf0x7kUBH0VxSLqt9zd5YaBeE

京东赚赚：
【京东账号1（烟花丶稍纵即逝）】SaU7cmKSYIdxR94JJQ32PoSP5vCp8
【京东账号2（jd_44061ab066801）】S5KkcRBoZ81WGchrykv8KdQ
【京东账号3（jd_7e39efd13b0e0）】S5KkcR0sa_AGBdBv3xvdfdA

京喜农场：
【京东账号1（烟花丶稍纵即逝）】{"smp":"85072a4a4c98ece7c5cb87d0f93211ad","active":"jdnc_1_2yuandami210305_2","joinnum":1}

口袋书店：


签到领现金：
【京东账号1（烟花丶稍纵即逝）】9KiYtFYzsnSgJvZoHPmWA4sD2cV9
【京东账号2（jd_44061ab066801）】eU9YaOiyYP13o27TzXsT1w
【京东账号3（jd_7e39efd13b0e0）】eU9Ya7mxb6lwpW_WmXNG1g

京喜财富岛：
【京东账号1（烟花丶稍纵即逝）】75E92A3EBD3E408B7FAE809BF38F58F137FD7E30917EFFA82BB143C705483352
【京东账号2（jd_44061ab066801）】CE9DD854BBF98E0A5344740FB3AF57EE4110FB1E73BD7EA8757181A335A96F99
【京东账号3（jd_7e39efd13b0e0）】7322A7F4BC7D82395E8032E2406A077ADB732B73A52710FB77BF75D8F4F4239E

城城领现金：


闪购盲盒：
【京东账号1（烟花丶稍纵即逝）】T028aU7cmKSYIdxR94JJQ32PoSP5vCp8CjVQmoaT5kRrbA
【京东账号2（jd_44061ab066801）】T0225KkcRBoZ81WGchrykv8KdQCjVQmoaT5kRrbA
【京东账号3（jd_7e39efd13b0e0）】T0225KkcR0sa_AGBdBv3xvdfdACjVQmoaT5kRrbA

国际：

环球挑战赛：
【京东账号1（烟花丶稍纵即逝）】UG5PVkdGL2ZyNnJxY2FQTTIwQ0t4YjN6aFdQa2lJVGxWVkhUaGltK2VXQT0=
【京东账号2（jd_44061ab066801）】VVBtcVdxeks2MVVIUlJvRnBYcDV6TnhtdWJCZk1XaVpaYVdmaWkzTXdRWT0=
【京东账号3（jd_7e39efd13b0e0）】NzB1RktVN25DVGtpNCtid01ZZmdSVDZ6Q3dOeXh1M1I4aUJQWldCWWhZMD0=
